2017-08-13 01:15:34.975 [main] INFO  o.s.b.t.context.SpringBootTestContextBootstrapper - Neither @ContextConfiguration nor @ContextHierarchy found for test class [com.imooc.sell.dao.OrderMasterDaoTest], using SpringBootContextLoader
2017-08-13 01:15:34.986 [main] INFO  o.s.test.context.support.AbstractContextLoader - Could not detect default resource locations for test class [com.imooc.sell.dao.OrderMasterDaoTest]: no resource found for suffixes {-context.xml, Context.groovy}.
2017-08-13 01:15:34.987 [main] INFO  o.s.t.c.support.AnnotationConfigContextLoaderUtils - Could not detect default configuration classes for test class [com.imooc.sell.dao.OrderMasterDaoTest]: OrderMasterDaoTest does not declare any static, non-private, non-final, nested classes annotated with @Configuration.
2017-08-13 01:15:35.159 [main] INFO  o.s.b.t.context.SpringBootTestContextBootstrapper - Found @SpringBootConfiguration com.imooc.sell.SellApplication for test class com.imooc.sell.dao.OrderMasterDaoTest
2017-08-13 01:15:35.171 [main] INFO  o.s.b.t.context.SpringBootTestContextBootstrapper - Loaded default TestExecutionListener class names from location [META-INF/spring.factories]: [org.springframework.boot.test.mock.mockito.MockitoTestExecutionListener, org.springframework.boot.test.mock.mockito.ResetMocksTestExecutionListener, org.springframework.boot.test.autoconfigure.restdocs.RestDocsTestExecutionListener, org.springframework.boot.test.autoconfigure.web.client.MockRestServiceServerResetTestExecutionListener, org.springframework.boot.test.autoconfigure.web.servlet.MockMvcPrintOnlyOnFailureTestExecutionListener, org.springframework.boot.test.autoconfigure.web.servlet.WebDriverTestExecutionListener, org.springframework.test.context.web.ServletTestExecutionListener, org.springframework.test.context.support.DirtiesContextBeforeModesTestExecutionListener, org.springframework.test.context.support.DependencyInjectionTestExecutionListener, org.springframework.test.context.support.DirtiesContextTestExecutionListener, org.springframework.test.context.transaction.TransactionalTestExecutionListener, org.springframework.test.context.jdbc.SqlScriptsTestExecutionListener]
2017-08-13 01:15:35.207 [main] INFO  o.s.b.t.context.SpringBootTestContextBootstrapper - Using TestExecutionListeners: [org.springframework.test.context.web.ServletTestExecutionListener@769e7ee8, org.springframework.test.context.support.DirtiesContextBeforeModesTestExecutionListener@5276e6b0, org.springframework.boot.test.autoconfigure.SpringBootDependencyInjectionTestExecutionListener@71b1176b, org.springframework.test.context.support.DirtiesContextTestExecutionListener@6193932a, org.springframework.test.context.transaction.TransactionalTestExecutionListener@647fd8ce, org.springframework.test.context.jdbc.SqlScriptsTestExecutionListener@159f197, org.springframework.boot.test.autoconfigure.web.client.MockRestServiceServerResetTestExecutionListener@78aab498, org.springframework.boot.test.mock.mockito.MockitoTestExecutionListener@5dd6264, org.springframework.boot.test.autoconfigure.restdocs.RestDocsTestExecutionListener@1ffe63b9, org.springframework.boot.test.autoconfigure.web.servlet.WebDriverTestExecutionListener@51e5fc98, org.springframework.boot.test.autoconfigure.web.servlet.MockMvcPrintOnlyOnFailureTestExecutionListener@7c469c48, org.springframework.boot.test.mock.mockito.ResetMocksTestExecutionListener@12e61fe6]
2017-08-13 01:15:36.028 [main] INFO  com.imooc.sell.dao.OrderMasterDaoTest - Starting OrderMasterDaoTest on Mick with PID 3536 (started by Administrator in E:\dev\sell-master\sell)
2017-08-13 01:15:36.029 [main] INFO  com.imooc.sell.dao.OrderMasterDaoTest - No active profile set, falling back to default profiles: default
2017-08-13 01:15:36.098 [main] INFO  o.s.w.context.support.GenericWebApplicationContext - Refreshing org.springframework.web.context.support.GenericWebApplicationContext@496bc455: startup date [Sun Aug 13 01:15:36 CST 2017]; root of context hierarchy
2017-08-13 01:15:37.030 [background-preinit] INFO  org.hibernate.validator.internal.util.Version - HV000001: Hibernate Validator 5.3.5.Final
2017-08-13 01:15:50.655 [main] INFO  o.s.orm.jpa.LocalContainerEntityManagerFactoryBean - Building JPA container EntityManagerFactory for persistence unit 'default'
2017-08-13 01:15:50.675 [main] INFO  org.hibernate.jpa.internal.util.LogHelper - HHH000204: Processing PersistenceUnitInfo [
	name: default
	...]
2017-08-13 01:15:50.761 [main] INFO  org.hibernate.Version - HHH000412: Hibernate Core {5.0.12.Final}
2017-08-13 01:15:50.763 [main] INFO  org.hibernate.cfg.Environment - HHH000206: hibernate.properties not found
2017-08-13 01:15:50.765 [main] INFO  org.hibernate.cfg.Environment - HHH000021: Bytecode provider name : javassist
2017-08-13 01:15:50.816 [main] INFO  org.hibernate.annotations.common.Version - HCANN000001: Hibernate Commons Annotations {5.0.1.Final}
2017-08-13 01:15:50.974 [main] INFO  org.hibernate.dialect.Dialect - HHH000400: Using dialect: org.hibernate.dialect.MySQL5Dialect
2017-08-13 01:15:51.784 [main] INFO  o.s.orm.jpa.LocalContainerEntityManagerFactoryBean - Initialized JPA EntityManagerFactory for persistence unit 'default'
2017-08-13 01:15:52.138 [main] INFO  o.h.hql.internal.QueryTranslatorFactoryInitiator - HHH000397: Using ASTQueryTranslatorFactory
2017-08-13 01:15:53.048 [main] INFO  o.s.w.s.m.m.a.RequestMappingHandlerAdapter - Looking for @ControllerAdvice: org.springframework.web.context.support.GenericWebApplicationContext@496bc455: startup date [Sun Aug 13 01:15:36 CST 2017]; root of context hierarchy
2017-08-13 01:15:53.157 [main] INFO  o.s.w.s.m.m.a.RequestMappingHandlerMapping - Mapped "{[/error]}" onto public org.springframework.http.ResponseEntity<java.util.Map<java.lang.String, java.lang.Object>> org.springframework.boot.autoconfigure.web.BasicErrorController.error(javax.servlet.http.HttpServletRequest)
2017-08-13 01:15:53.160 [main] INFO  o.s.w.s.m.m.a.RequestMappingHandlerMapping - Mapped "{[/error],produces=[text/html]}" onto public org.springframework.web.servlet.ModelAndView org.springframework.boot.autoconfigure.web.BasicErrorController.errorHtml(javax.servlet.http.HttpServletRequest,javax.servlet.http.HttpServletResponse)
2017-08-13 01:15:53.201 [main] INFO  o.s.web.servlet.handler.SimpleUrlHandlerMapping - Mapped URL path [/webjars/**] onto handler of type [class org.springframework.web.servlet.resource.ResourceHttpRequestHandler]
2017-08-13 01:15:53.201 [main] INFO  o.s.web.servlet.handler.SimpleUrlHandlerMapping - Mapped URL path [/**] onto handler of type [class org.springframework.web.servlet.resource.ResourceHttpRequestHandler]
2017-08-13 01:15:53.259 [main] INFO  o.s.web.servlet.handler.SimpleUrlHandlerMapping - Mapped URL path [/**/favicon.ico] onto handler of type [class org.springframework.web.servlet.resource.ResourceHttpRequestHandler]
2017-08-13 01:15:53.646 [main] INFO  com.imooc.sell.dao.OrderMasterDaoTest - Started OrderMasterDaoTest in 18.272 seconds (JVM running for 19.617)
2017-08-13 01:15:53.992 [Thread-3] INFO  o.s.w.context.support.GenericWebApplicationContext - Closing org.springframework.web.context.support.GenericWebApplicationContext@496bc455: startup date [Sun Aug 13 01:15:36 CST 2017]; root of context hierarchy
2017-08-13 01:15:53.997 [Thread-3] INFO  o.s.orm.jpa.LocalContainerEntityManagerFactoryBean - Closing JPA EntityManagerFactory for persistence unit 'default'
