2017-09-07 11:17:45.304 [main] INFO  o.s.b.t.context.SpringBootTestContextBootstrapper - Neither @ContextConfiguration nor @ContextHierarchy found for test class [com.imooc.sell.dao.OrderDetailDaoTest], using SpringBootContextLoader
2017-09-07 11:17:45.317 [main] INFO  o.s.test.context.support.AbstractContextLoader - Could not detect default resource locations for test class [com.imooc.sell.dao.OrderDetailDaoTest]: no resource found for suffixes {-context.xml, Context.groovy}.
2017-09-07 11:17:45.318 [main] INFO  o.s.t.c.support.AnnotationConfigContextLoaderUtils - Could not detect default configuration classes for test class [com.imooc.sell.dao.OrderDetailDaoTest]: OrderDetailDaoTest does not declare any static, non-private, non-final, nested classes annotated with @Configuration.
2017-09-07 11:17:45.541 [main] INFO  o.s.b.t.context.SpringBootTestContextBootstrapper - Found @SpringBootConfiguration com.imooc.sell.SellApplication for test class com.imooc.sell.dao.OrderDetailDaoTest
2017-09-07 11:17:45.557 [main] INFO  o.s.b.t.context.SpringBootTestContextBootstrapper - Loaded default TestExecutionListener class names from location [META-INF/spring.factories]: [org.springframework.boot.test.mock.mockito.MockitoTestExecutionListener, org.springframework.boot.test.mock.mockito.ResetMocksTestExecutionListener, org.springframework.boot.test.autoconfigure.restdocs.RestDocsTestExecutionListener, org.springframework.boot.test.autoconfigure.web.client.MockRestServiceServerResetTestExecutionListener, org.springframework.boot.test.autoconfigure.web.servlet.MockMvcPrintOnlyOnFailureTestExecutionListener, org.springframework.boot.test.autoconfigure.web.servlet.WebDriverTestExecutionListener, org.springframework.test.context.web.ServletTestExecutionListener, org.springframework.test.context.support.DirtiesContextBeforeModesTestExecutionListener, org.springframework.test.context.support.DependencyInjectionTestExecutionListener, org.springframework.test.context.support.DirtiesContextTestExecutionListener, org.springframework.test.context.transaction.TransactionalTestExecutionListener, org.springframework.test.context.jdbc.SqlScriptsTestExecutionListener]
2017-09-07 11:17:45.609 [main] INFO  o.s.b.t.context.SpringBootTestContextBootstrapper - Using TestExecutionListeners: [org.springframework.test.context.web.ServletTestExecutionListener@1f0f1111, org.springframework.test.context.support.DirtiesContextBeforeModesTestExecutionListener@49c386c8, org.springframework.boot.test.autoconfigure.SpringBootDependencyInjectionTestExecutionListener@56528192, org.springframework.test.context.support.DirtiesContextTestExecutionListener@6e0dec4a, org.springframework.test.context.transaction.TransactionalTestExecutionListener@96def03, org.springframework.test.context.jdbc.SqlScriptsTestExecutionListener@5ccddd20, org.springframework.boot.test.autoconfigure.web.servlet.WebDriverTestExecutionListener@1ed1993a, org.springframework.boot.test.autoconfigure.restdocs.RestDocsTestExecutionListener@1f3f4916, org.springframework.boot.test.mock.mockito.ResetMocksTestExecutionListener@794cb805, org.springframework.boot.test.autoconfigure.web.client.MockRestServiceServerResetTestExecutionListener@4b5a5ed1, org.springframework.boot.test.mock.mockito.MockitoTestExecutionListener@59d016c9, org.springframework.boot.test.autoconfigure.web.servlet.MockMvcPrintOnlyOnFailureTestExecutionListener@3cc2931c]
2017-09-07 11:17:46.245 [main] INFO  com.imooc.sell.dao.OrderDetailDaoTest - Starting OrderDetailDaoTest on Nue with PID 9584 (started by Administrator in E:\learn\sell)
2017-09-07 11:17:46.246 [main] INFO  com.imooc.sell.dao.OrderDetailDaoTest - The following profiles are active: dev
2017-09-07 11:17:46.317 [main] INFO  o.s.w.context.support.GenericWebApplicationContext - Refreshing org.springframework.web.context.support.GenericWebApplicationContext@15a34df2: startup date [Thu Sep 07 11:17:46 CST 2017]; root of context hierarchy
2017-09-07 11:17:46.746 [background-preinit] INFO  org.hibernate.validator.internal.util.Version - HV000001: Hibernate Validator 5.3.5.Final
2017-09-07 11:17:48.247 [main] INFO  o.s.b.f.a.AutowiredAnnotationBeanPostProcessor - JSR-330 'javax.inject.Inject' annotation found and supported for autowiring
2017-09-07 11:17:54.085 [main] INFO  o.s.orm.jpa.LocalContainerEntityManagerFactoryBean - Building JPA container EntityManagerFactory for persistence unit 'default'
2017-09-07 11:17:54.131 [main] INFO  org.hibernate.jpa.internal.util.LogHelper - HHH000204: Processing PersistenceUnitInfo [
	name: default
	...]
2017-09-07 11:17:54.280 [main] INFO  org.hibernate.Version - HHH000412: Hibernate Core {5.0.12.Final}
2017-09-07 11:17:54.282 [main] INFO  org.hibernate.cfg.Environment - HHH000206: hibernate.properties not found
2017-09-07 11:17:54.285 [main] INFO  org.hibernate.cfg.Environment - HHH000021: Bytecode provider name : javassist
2017-09-07 11:17:54.346 [main] INFO  org.hibernate.annotations.common.Version - HCANN000001: Hibernate Commons Annotations {5.0.1.Final}
2017-09-07 11:17:54.528 [main] INFO  org.hibernate.dialect.Dialect - HHH000400: Using dialect: org.hibernate.dialect.MySQL5Dialect
2017-09-07 11:17:55.514 [main] INFO  o.s.orm.jpa.LocalContainerEntityManagerFactoryBean - Initialized JPA EntityManagerFactory for persistence unit 'default'
2017-09-07 11:17:56.116 [main] INFO  o.h.hql.internal.QueryTranslatorFactoryInitiator - HHH000397: Using ASTQueryTranslatorFactory
2017-09-07 11:17:57.919 [main] INFO  o.s.w.s.m.m.a.RequestMappingHandlerAdapter - Looking for @ControllerAdvice: org.springframework.web.context.support.GenericWebApplicationContext@15a34df2: startup date [Thu Sep 07 11:17:46 CST 2017]; root of context hierarchy
2017-09-07 11:17:58.034 [main] INFO  o.s.w.s.m.m.a.RequestMappingHandlerMapping - Mapped "{[/buyer/order/create],methods=[POST]}" onto public com.imooc.sell.vo.ResultVO<?> com.imooc.sell.web.controller.BuyerOrderController.create(com.imooc.sell.web.form.OrderForm,org.springframework.validation.BindingResult)
2017-09-07 11:17:58.035 [main] INFO  o.s.w.s.m.m.a.RequestMappingHandlerMapping - Mapped "{[/buyer/order/list],methods=[GET]}" onto public com.imooc.sell.vo.ResultVO<?> com.imooc.sell.web.controller.BuyerOrderController.list(java.lang.String,java.lang.Integer,java.lang.Integer)
2017-09-07 11:17:58.036 [main] INFO  o.s.w.s.m.m.a.RequestMappingHandlerMapping - Mapped "{[/buyer/order/detail],methods=[GET]}" onto public com.imooc.sell.vo.ResultVO<?> com.imooc.sell.web.controller.BuyerOrderController.findOrderDetail(java.lang.String,java.lang.String)
2017-09-07 11:17:58.037 [main] INFO  o.s.w.s.m.m.a.RequestMappingHandlerMapping - Mapped "{[/buyer/order/cancelOrder],methods=[POST]}" onto public com.imooc.sell.vo.ResultVO<?> com.imooc.sell.web.controller.BuyerOrderController.cancelOrder(java.lang.String,java.lang.String)
2017-09-07 11:17:58.038 [main] INFO  o.s.w.s.m.m.a.RequestMappingHandlerMapping - Mapped "{[/buyer/product/list],methods=[GET]}" onto public com.imooc.sell.vo.ResultVO<?> com.imooc.sell.web.controller.BuyerProductController.list()
2017-09-07 11:17:58.039 [main] INFO  o.s.w.s.m.m.a.RequestMappingHandlerMapping - Mapped "{[/notify],methods=[POST]}" onto public org.springframework.web.servlet.ModelAndView com.imooc.sell.web.controller.PayController.notify(java.lang.String) throws java.lang.Exception
2017-09-07 11:17:58.039 [main] INFO  o.s.w.s.m.m.a.RequestMappingHandlerMapping - Mapped "{[/pay],methods=[GET]}" onto public org.springframework.web.servlet.ModelAndView com.imooc.sell.web.controller.PayController.pay(java.lang.String,java.util.Map<java.lang.String, java.lang.Object>)
2017-09-07 11:17:58.040 [main] INFO  o.s.w.s.m.m.a.RequestMappingHandlerMapping - Mapped "{[/wechat/userInfo],methods=[GET]}" onto public java.lang.String com.imooc.sell.web.controller.WechatController.userInfo(java.lang.String,java.lang.String)
2017-09-07 11:17:58.041 [main] INFO  o.s.w.s.m.m.a.RequestMappingHandlerMapping - Mapped "{[/wechat/authorize],methods=[GET]}" onto public java.lang.String com.imooc.sell.web.controller.WechatController.authorize(java.lang.String)
2017-09-07 11:17:58.041 [main] INFO  o.s.w.s.m.m.a.RequestMappingHandlerMapping - Mapped "{[/weixin/auth],methods=[GET]}" onto public void com.imooc.sell.web.controller.WeixinController.auth(java.lang.String)
2017-09-07 11:17:58.043 [main] INFO  o.s.w.s.m.m.a.RequestMappingHandlerMapping - Mapped "{[/error]}" onto public org.springframework.http.ResponseEntity<java.util.Map<java.lang.String, java.lang.Object>> org.springframework.boot.autoconfigure.web.BasicErrorController.error(javax.servlet.http.HttpServletRequest)
2017-09-07 11:17:58.043 [main] INFO  o.s.w.s.m.m.a.RequestMappingHandlerMapping - Mapped "{[/error],produces=[text/html]}" onto public org.springframework.web.servlet.ModelAndView org.springframework.boot.autoconfigure.web.BasicErrorController.errorHtml(javax.servlet.http.HttpServletRequest,javax.servlet.http.HttpServletResponse)
2017-09-07 11:17:58.105 [main] INFO  o.s.web.servlet.handler.SimpleUrlHandlerMapping - Mapped URL path [/webjars/**] onto handler of type [class org.springframework.web.servlet.resource.ResourceHttpRequestHandler]
2017-09-07 11:17:58.105 [main] INFO  o.s.web.servlet.handler.SimpleUrlHandlerMapping - Mapped URL path [/**] onto handler of type [class org.springframework.web.servlet.resource.ResourceHttpRequestHandler]
2017-09-07 11:17:58.179 [main] INFO  o.s.web.servlet.handler.SimpleUrlHandlerMapping - Mapped URL path [/**/favicon.ico] onto handler of type [class org.springframework.web.servlet.resource.ResourceHttpRequestHandler]
2017-09-07 11:17:59.004 [main] INFO  o.s.w.servlet.view.freemarker.FreeMarkerConfigurer - ClassTemplateLoader for Spring macros added to FreeMarker configuration
2017-09-07 11:17:59.311 [main] INFO  com.imooc.sell.dao.OrderDetailDaoTest - Started OrderDetailDaoTest in 13.551 seconds (JVM running for 15.229)
2017-09-07 11:18:00.677 [Thread-3] INFO  o.s.w.context.support.GenericWebApplicationContext - Closing org.springframework.web.context.support.GenericWebApplicationContext@15a34df2: startup date [Thu Sep 07 11:17:46 CST 2017]; root of context hierarchy
2017-09-07 11:18:00.730 [Thread-3] INFO  o.s.orm.jpa.LocalContainerEntityManagerFactoryBean - Closing JPA EntityManagerFactory for persistence unit 'default'
2017-09-07 11:18:17.138 [main] INFO  o.s.b.t.context.SpringBootTestContextBootstrapper - Neither @ContextConfiguration nor @ContextHierarchy found for test class [com.imooc.sell.dao.OrderMasterDaoTest], using SpringBootContextLoader
2017-09-07 11:18:17.154 [main] INFO  o.s.test.context.support.AbstractContextLoader - Could not detect default resource locations for test class [com.imooc.sell.dao.OrderMasterDaoTest]: no resource found for suffixes {-context.xml, Context.groovy}.
2017-09-07 11:18:17.155 [main] INFO  o.s.t.c.support.AnnotationConfigContextLoaderUtils - Could not detect default configuration classes for test class [com.imooc.sell.dao.OrderMasterDaoTest]: OrderMasterDaoTest does not declare any static, non-private, non-final, nested classes annotated with @Configuration.
2017-09-07 11:18:17.289 [main] INFO  o.s.b.t.context.SpringBootTestContextBootstrapper - Found @SpringBootConfiguration com.imooc.sell.SellApplication for test class com.imooc.sell.dao.OrderMasterDaoTest
2017-09-07 11:18:17.301 [main] INFO  o.s.b.t.context.SpringBootTestContextBootstrapper - Loaded default TestExecutionListener class names from location [META-INF/spring.factories]: [org.springframework.boot.test.mock.mockito.MockitoTestExecutionListener, org.springframework.boot.test.mock.mockito.ResetMocksTestExecutionListener, org.springframework.boot.test.autoconfigure.restdocs.RestDocsTestExecutionListener, org.springframework.boot.test.autoconfigure.web.client.MockRestServiceServerResetTestExecutionListener, org.springframework.boot.test.autoconfigure.web.servlet.MockMvcPrintOnlyOnFailureTestExecutionListener, org.springframework.boot.test.autoconfigure.web.servlet.WebDriverTestExecutionListener, org.springframework.test.context.web.ServletTestExecutionListener, org.springframework.test.context.support.DirtiesContextBeforeModesTestExecutionListener, org.springframework.test.context.support.DependencyInjectionTestExecutionListener, org.springframework.test.context.support.DirtiesContextTestExecutionListener, org.springframework.test.context.transaction.TransactionalTestExecutionListener, org.springframework.test.context.jdbc.SqlScriptsTestExecutionListener]
2017-09-07 11:18:17.321 [main] INFO  o.s.b.t.context.SpringBootTestContextBootstrapper - Using TestExecutionListeners: [org.springframework.test.context.web.ServletTestExecutionListener@56528192, org.springframework.test.context.support.DirtiesContextBeforeModesTestExecutionListener@6e0dec4a, org.springframework.boot.test.autoconfigure.SpringBootDependencyInjectionTestExecutionListener@96def03, org.springframework.test.context.support.DirtiesContextTestExecutionListener@5ccddd20, org.springframework.test.context.transaction.TransactionalTestExecutionListener@1ed1993a, org.springframework.test.context.jdbc.SqlScriptsTestExecutionListener@1f3f4916, org.springframework.boot.test.autoconfigure.web.client.MockRestServiceServerResetTestExecutionListener@794cb805, org.springframework.boot.test.mock.mockito.MockitoTestExecutionListener@4b5a5ed1, org.springframework.boot.test.mock.mockito.ResetMocksTestExecutionListener@59d016c9, org.springframework.boot.test.autoconfigure.restdocs.RestDocsTestExecutionListener@3cc2931c, org.springframework.boot.test.autoconfigure.web.servlet.WebDriverTestExecutionListener@20d28811, org.springframework.boot.test.autoconfigure.web.servlet.MockMvcPrintOnlyOnFailureTestExecutionListener@3967e60c]
2017-09-07 11:18:17.833 [main] INFO  com.imooc.sell.dao.OrderMasterDaoTest - Starting OrderMasterDaoTest on Nue with PID 5876 (started by Administrator in E:\learn\sell)
2017-09-07 11:18:17.833 [main] INFO  com.imooc.sell.dao.OrderMasterDaoTest - The following profiles are active: dev
2017-09-07 11:18:17.877 [main] INFO  o.s.w.context.support.GenericWebApplicationContext - Refreshing org.springframework.web.context.support.GenericWebApplicationContext@338fc1d8: startup date [Thu Sep 07 11:18:17 CST 2017]; root of context hierarchy
2017-09-07 11:18:18.311 [background-preinit] INFO  org.hibernate.validator.internal.util.Version - HV000001: Hibernate Validator 5.3.5.Final
2017-09-07 11:18:19.528 [main] INFO  o.s.b.f.a.AutowiredAnnotationBeanPostProcessor - JSR-330 'javax.inject.Inject' annotation found and supported for autowiring
2017-09-07 11:18:23.553 [main] INFO  o.s.orm.jpa.LocalContainerEntityManagerFactoryBean - Building JPA container EntityManagerFactory for persistence unit 'default'
2017-09-07 11:18:23.567 [main] INFO  org.hibernate.jpa.internal.util.LogHelper - HHH000204: Processing PersistenceUnitInfo [
	name: default
	...]
2017-09-07 11:18:23.631 [main] INFO  org.hibernate.Version - HHH000412: Hibernate Core {5.0.12.Final}
2017-09-07 11:18:23.634 [main] INFO  org.hibernate.cfg.Environment - HHH000206: hibernate.properties not found
2017-09-07 11:18:23.636 [main] INFO  org.hibernate.cfg.Environment - HHH000021: Bytecode provider name : javassist
2017-09-07 11:18:23.680 [main] INFO  org.hibernate.annotations.common.Version - HCANN000001: Hibernate Commons Annotations {5.0.1.Final}
2017-09-07 11:18:23.838 [main] INFO  org.hibernate.dialect.Dialect - HHH000400: Using dialect: org.hibernate.dialect.MySQL5Dialect
2017-09-07 11:18:24.781 [main] INFO  o.s.orm.jpa.LocalContainerEntityManagerFactoryBean - Initialized JPA EntityManagerFactory for persistence unit 'default'
2017-09-07 11:18:25.307 [main] INFO  o.h.hql.internal.QueryTranslatorFactoryInitiator - HHH000397: Using ASTQueryTranslatorFactory
2017-09-07 11:18:26.711 [main] INFO  o.s.w.s.m.m.a.RequestMappingHandlerAdapter - Looking for @ControllerAdvice: org.springframework.web.context.support.GenericWebApplicationContext@338fc1d8: startup date [Thu Sep 07 11:18:17 CST 2017]; root of context hierarchy
2017-09-07 11:18:26.815 [main] INFO  o.s.w.s.m.m.a.RequestMappingHandlerMapping - Mapped "{[/buyer/order/create],methods=[POST]}" onto public com.imooc.sell.vo.ResultVO<?> com.imooc.sell.web.controller.BuyerOrderController.create(com.imooc.sell.web.form.OrderForm,org.springframework.validation.BindingResult)
2017-09-07 11:18:26.817 [main] INFO  o.s.w.s.m.m.a.RequestMappingHandlerMapping - Mapped "{[/buyer/order/list],methods=[GET]}" onto public com.imooc.sell.vo.ResultVO<?> com.imooc.sell.web.controller.BuyerOrderController.list(java.lang.String,java.lang.Integer,java.lang.Integer)
2017-09-07 11:18:26.817 [main] INFO  o.s.w.s.m.m.a.RequestMappingHandlerMapping - Mapped "{[/buyer/order/detail],methods=[GET]}" onto public com.imooc.sell.vo.ResultVO<?> com.imooc.sell.web.controller.BuyerOrderController.findOrderDetail(java.lang.String,java.lang.String)
2017-09-07 11:18:26.818 [main] INFO  o.s.w.s.m.m.a.RequestMappingHandlerMapping - Mapped "{[/buyer/order/cancelOrder],methods=[POST]}" onto public com.imooc.sell.vo.ResultVO<?> com.imooc.sell.web.controller.BuyerOrderController.cancelOrder(java.lang.String,java.lang.String)
2017-09-07 11:18:26.819 [main] INFO  o.s.w.s.m.m.a.RequestMappingHandlerMapping - Mapped "{[/buyer/product/list],methods=[GET]}" onto public com.imooc.sell.vo.ResultVO<?> com.imooc.sell.web.controller.BuyerProductController.list()
2017-09-07 11:18:26.821 [main] INFO  o.s.w.s.m.m.a.RequestMappingHandlerMapping - Mapped "{[/notify],methods=[POST]}" onto public org.springframework.web.servlet.ModelAndView com.imooc.sell.web.controller.PayController.notify(java.lang.String) throws java.lang.Exception
2017-09-07 11:18:26.821 [main] INFO  o.s.w.s.m.m.a.RequestMappingHandlerMapping - Mapped "{[/pay],methods=[GET]}" onto public org.springframework.web.servlet.ModelAndView com.imooc.sell.web.controller.PayController.pay(java.lang.String,java.util.Map<java.lang.String, java.lang.Object>)
2017-09-07 11:18:26.822 [main] INFO  o.s.w.s.m.m.a.RequestMappingHandlerMapping - Mapped "{[/wechat/userInfo],methods=[GET]}" onto public java.lang.String com.imooc.sell.web.controller.WechatController.userInfo(java.lang.String,java.lang.String)
2017-09-07 11:18:26.823 [main] INFO  o.s.w.s.m.m.a.RequestMappingHandlerMapping - Mapped "{[/wechat/authorize],methods=[GET]}" onto public java.lang.String com.imooc.sell.web.controller.WechatController.authorize(java.lang.String)
2017-09-07 11:18:26.824 [main] INFO  o.s.w.s.m.m.a.RequestMappingHandlerMapping - Mapped "{[/weixin/auth],methods=[GET]}" onto public void com.imooc.sell.web.controller.WeixinController.auth(java.lang.String)
2017-09-07 11:18:26.829 [main] INFO  o.s.w.s.m.m.a.RequestMappingHandlerMapping - Mapped "{[/error]}" onto public org.springframework.http.ResponseEntity<java.util.Map<java.lang.String, java.lang.Object>> org.springframework.boot.autoconfigure.web.BasicErrorController.error(javax.servlet.http.HttpServletRequest)
2017-09-07 11:18:26.829 [main] INFO  o.s.w.s.m.m.a.RequestMappingHandlerMapping - Mapped "{[/error],produces=[text/html]}" onto public org.springframework.web.servlet.ModelAndView org.springframework.boot.autoconfigure.web.BasicErrorController.errorHtml(javax.servlet.http.HttpServletRequest,javax.servlet.http.HttpServletResponse)
2017-09-07 11:18:26.871 [main] INFO  o.s.web.servlet.handler.SimpleUrlHandlerMapping - Mapped URL path [/webjars/**] onto handler of type [class org.springframework.web.servlet.resource.ResourceHttpRequestHandler]
2017-09-07 11:18:26.871 [main] INFO  o.s.web.servlet.handler.SimpleUrlHandlerMapping - Mapped URL path [/**] onto handler of type [class org.springframework.web.servlet.resource.ResourceHttpRequestHandler]
2017-09-07 11:18:26.937 [main] INFO  o.s.web.servlet.handler.SimpleUrlHandlerMapping - Mapped URL path [/**/favicon.ico] onto handler of type [class org.springframework.web.servlet.resource.ResourceHttpRequestHandler]
2017-09-07 11:18:27.275 [main] INFO  o.s.w.servlet.view.freemarker.FreeMarkerConfigurer - ClassTemplateLoader for Spring macros added to FreeMarker configuration
2017-09-07 11:18:27.481 [main] INFO  com.imooc.sell.dao.OrderMasterDaoTest - Started OrderMasterDaoTest in 10.069 seconds (JVM running for 10.995)
2017-09-07 11:18:27.883 [Thread-3] INFO  o.s.w.context.support.GenericWebApplicationContext - Closing org.springframework.web.context.support.GenericWebApplicationContext@338fc1d8: startup date [Thu Sep 07 11:18:17 CST 2017]; root of context hierarchy
2017-09-07 11:18:27.891 [Thread-3] INFO  o.s.orm.jpa.LocalContainerEntityManagerFactoryBean - Closing JPA EntityManagerFactory for persistence unit 'default'
2017-09-07 11:18:35.590 [main] INFO  o.s.b.t.context.SpringBootTestContextBootstrapper - Neither @ContextConfiguration nor @ContextHierarchy found for test class [com.imooc.sell.dao.ProductCategoryDaoTest], using SpringBootContextLoader
2017-09-07 11:18:35.605 [main] INFO  o.s.test.context.support.AbstractContextLoader - Could not detect default resource locations for test class [com.imooc.sell.dao.ProductCategoryDaoTest]: no resource found for suffixes {-context.xml, Context.groovy}.
2017-09-07 11:18:35.606 [main] INFO  o.s.t.c.support.AnnotationConfigContextLoaderUtils - Could not detect default configuration classes for test class [com.imooc.sell.dao.ProductCategoryDaoTest]: ProductCategoryDaoTest does not declare any static, non-private, non-final, nested classes annotated with @Configuration.
2017-09-07 11:18:35.764 [main] INFO  o.s.b.t.context.SpringBootTestContextBootstrapper - Found @SpringBootConfiguration com.imooc.sell.SellApplication for test class com.imooc.sell.dao.ProductCategoryDaoTest
2017-09-07 11:18:35.785 [main] INFO  o.s.b.t.context.SpringBootTestContextBootstrapper - Loaded default TestExecutionListener class names from location [META-INF/spring.factories]: [org.springframework.boot.test.mock.mockito.MockitoTestExecutionListener, org.springframework.boot.test.mock.mockito.ResetMocksTestExecutionListener, org.springframework.boot.test.autoconfigure.restdocs.RestDocsTestExecutionListener, org.springframework.boot.test.autoconfigure.web.client.MockRestServiceServerResetTestExecutionListener, org.springframework.boot.test.autoconfigure.web.servlet.MockMvcPrintOnlyOnFailureTestExecutionListener, org.springframework.boot.test.autoconfigure.web.servlet.WebDriverTestExecutionListener, org.springframework.test.context.web.ServletTestExecutionListener, org.springframework.test.context.support.DirtiesContextBeforeModesTestExecutionListener, org.springframework.test.context.support.DependencyInjectionTestExecutionListener, org.springframework.test.context.support.DirtiesContextTestExecutionListener, org.springframework.test.context.transaction.TransactionalTestExecutionListener, org.springframework.test.context.jdbc.SqlScriptsTestExecutionListener]
2017-09-07 11:18:35.823 [main] INFO  o.s.b.t.context.SpringBootTestContextBootstrapper - Using TestExecutionListeners: [org.springframework.test.context.web.ServletTestExecutionListener@1f0f1111, org.springframework.test.context.support.DirtiesContextBeforeModesTestExecutionListener@49c386c8, org.springframework.boot.test.autoconfigure.SpringBootDependencyInjectionTestExecutionListener@56528192, org.springframework.test.context.support.DirtiesContextTestExecutionListener@6e0dec4a, org.springframework.test.context.transaction.TransactionalTestExecutionListener@96def03, org.springframework.test.context.jdbc.SqlScriptsTestExecutionListener@5ccddd20, org.springframework.boot.test.autoconfigure.web.servlet.WebDriverTestExecutionListener@1ed1993a, org.springframework.boot.test.autoconfigure.restdocs.RestDocsTestExecutionListener@1f3f4916, org.springframework.boot.test.mock.mockito.ResetMocksTestExecutionListener@794cb805, org.springframework.boot.test.autoconfigure.web.client.MockRestServiceServerResetTestExecutionListener@4b5a5ed1, org.springframework.boot.test.mock.mockito.MockitoTestExecutionListener@59d016c9, org.springframework.boot.test.autoconfigure.web.servlet.MockMvcPrintOnlyOnFailureTestExecutionListener@3cc2931c]
2017-09-07 11:18:36.818 [main] INFO  com.imooc.sell.dao.ProductCategoryDaoTest - Starting ProductCategoryDaoTest on Nue with PID 7384 (started by Administrator in E:\learn\sell)
2017-09-07 11:18:36.819 [main] INFO  com.imooc.sell.dao.ProductCategoryDaoTest - The following profiles are active: dev
2017-09-07 11:18:36.882 [main] INFO  o.s.w.context.support.GenericWebApplicationContext - Refreshing org.springframework.web.context.support.GenericWebApplicationContext@15a34df2: startup date [Thu Sep 07 11:18:36 CST 2017]; root of context hierarchy
2017-09-07 11:18:37.532 [background-preinit] INFO  org.hibernate.validator.internal.util.Version - HV000001: Hibernate Validator 5.3.5.Final
2017-09-07 11:18:39.010 [main] INFO  o.s.b.f.a.AutowiredAnnotationBeanPostProcessor - JSR-330 'javax.inject.Inject' annotation found and supported for autowiring
2017-09-07 11:18:43.211 [main] INFO  o.s.orm.jpa.LocalContainerEntityManagerFactoryBean - Building JPA container EntityManagerFactory for persistence unit 'default'
2017-09-07 11:18:43.245 [main] INFO  org.hibernate.jpa.internal.util.LogHelper - HHH000204: Processing PersistenceUnitInfo [
	name: default
	...]
2017-09-07 11:18:43.322 [main] INFO  org.hibernate.Version - HHH000412: Hibernate Core {5.0.12.Final}
2017-09-07 11:18:43.331 [main] INFO  org.hibernate.cfg.Environment - HHH000206: hibernate.properties not found
2017-09-07 11:18:43.338 [main] INFO  org.hibernate.cfg.Environment - HHH000021: Bytecode provider name : javassist
2017-09-07 11:18:43.384 [main] INFO  org.hibernate.annotations.common.Version - HCANN000001: Hibernate Commons Annotations {5.0.1.Final}
2017-09-07 11:18:43.500 [main] INFO  org.hibernate.dialect.Dialect - HHH000400: Using dialect: org.hibernate.dialect.MySQL5Dialect
2017-09-07 11:18:44.368 [main] INFO  o.s.orm.jpa.LocalContainerEntityManagerFactoryBean - Initialized JPA EntityManagerFactory for persistence unit 'default'
2017-09-07 11:18:44.735 [main] INFO  o.h.hql.internal.QueryTranslatorFactoryInitiator - HHH000397: Using ASTQueryTranslatorFactory
2017-09-07 11:18:46.202 [main] INFO  o.s.w.s.m.m.a.RequestMappingHandlerAdapter - Looking for @ControllerAdvice: org.springframework.web.context.support.GenericWebApplicationContext@15a34df2: startup date [Thu Sep 07 11:18:36 CST 2017]; root of context hierarchy
2017-09-07 11:18:46.310 [main] INFO  o.s.w.s.m.m.a.RequestMappingHandlerMapping - Mapped "{[/buyer/order/create],methods=[POST]}" onto public com.imooc.sell.vo.ResultVO<?> com.imooc.sell.web.controller.BuyerOrderController.create(com.imooc.sell.web.form.OrderForm,org.springframework.validation.BindingResult)
2017-09-07 11:18:46.313 [main] INFO  o.s.w.s.m.m.a.RequestMappingHandlerMapping - Mapped "{[/buyer/order/list],methods=[GET]}" onto public com.imooc.sell.vo.ResultVO<?> com.imooc.sell.web.controller.BuyerOrderController.list(java.lang.String,java.lang.Integer,java.lang.Integer)
2017-09-07 11:18:46.314 [main] INFO  o.s.w.s.m.m.a.RequestMappingHandlerMapping - Mapped "{[/buyer/order/detail],methods=[GET]}" onto public com.imooc.sell.vo.ResultVO<?> com.imooc.sell.web.controller.BuyerOrderController.findOrderDetail(java.lang.String,java.lang.String)
2017-09-07 11:18:46.314 [main] INFO  o.s.w.s.m.m.a.RequestMappingHandlerMapping - Mapped "{[/buyer/order/cancelOrder],methods=[POST]}" onto public com.imooc.sell.vo.ResultVO<?> com.imooc.sell.web.controller.BuyerOrderController.cancelOrder(java.lang.String,java.lang.String)
2017-09-07 11:18:46.316 [main] INFO  o.s.w.s.m.m.a.RequestMappingHandlerMapping - Mapped "{[/buyer/product/list],methods=[GET]}" onto public com.imooc.sell.vo.ResultVO<?> com.imooc.sell.web.controller.BuyerProductController.list()
2017-09-07 11:18:46.317 [main] INFO  o.s.w.s.m.m.a.RequestMappingHandlerMapping - Mapped "{[/notify],methods=[POST]}" onto public org.springframework.web.servlet.ModelAndView com.imooc.sell.web.controller.PayController.notify(java.lang.String) throws java.lang.Exception
2017-09-07 11:18:46.318 [main] INFO  o.s.w.s.m.m.a.RequestMappingHandlerMapping - Mapped "{[/pay],methods=[GET]}" onto public org.springframework.web.servlet.ModelAndView com.imooc.sell.web.controller.PayController.pay(java.lang.String,java.util.Map<java.lang.String, java.lang.Object>)
2017-09-07 11:18:46.319 [main] INFO  o.s.w.s.m.m.a.RequestMappingHandlerMapping - Mapped "{[/wechat/userInfo],methods=[GET]}" onto public java.lang.String com.imooc.sell.web.controller.WechatController.userInfo(java.lang.String,java.lang.String)
2017-09-07 11:18:46.320 [main] INFO  o.s.w.s.m.m.a.RequestMappingHandlerMapping - Mapped "{[/wechat/authorize],methods=[GET]}" onto public java.lang.String com.imooc.sell.web.controller.WechatController.authorize(java.lang.String)
2017-09-07 11:18:46.322 [main] INFO  o.s.w.s.m.m.a.RequestMappingHandlerMapping - Mapped "{[/weixin/auth],methods=[GET]}" onto public void com.imooc.sell.web.controller.WeixinController.auth(java.lang.String)
2017-09-07 11:18:46.324 [main] INFO  o.s.w.s.m.m.a.RequestMappingHandlerMapping - Mapped "{[/error]}" onto public org.springframework.http.ResponseEntity<java.util.Map<java.lang.String, java.lang.Object>> org.springframework.boot.autoconfigure.web.BasicErrorController.error(javax.servlet.http.HttpServletRequest)
2017-09-07 11:18:46.325 [main] INFO  o.s.w.s.m.m.a.RequestMappingHandlerMapping - Mapped "{[/error],produces=[text/html]}" onto public org.springframework.web.servlet.ModelAndView org.springframework.boot.autoconfigure.web.BasicErrorController.errorHtml(javax.servlet.http.HttpServletRequest,javax.servlet.http.HttpServletResponse)
2017-09-07 11:18:46.371 [main] INFO  o.s.web.servlet.handler.SimpleUrlHandlerMapping - Mapped URL path [/webjars/**] onto handler of type [class org.springframework.web.servlet.resource.ResourceHttpRequestHandler]
2017-09-07 11:18:46.371 [main] INFO  o.s.web.servlet.handler.SimpleUrlHandlerMapping - Mapped URL path [/**] onto handler of type [class org.springframework.web.servlet.resource.ResourceHttpRequestHandler]
2017-09-07 11:18:46.429 [main] INFO  o.s.web.servlet.handler.SimpleUrlHandlerMapping - Mapped URL path [/**/favicon.ico] onto handler of type [class org.springframework.web.servlet.resource.ResourceHttpRequestHandler]
2017-09-07 11:18:46.781 [main] INFO  o.s.w.servlet.view.freemarker.FreeMarkerConfigurer - ClassTemplateLoader for Spring macros added to FreeMarker configuration
2017-09-07 11:18:46.967 [main] INFO  com.imooc.sell.dao.ProductCategoryDaoTest - Started ProductCategoryDaoTest in 10.998 seconds (JVM running for 12.038)
2017-09-07 11:18:47.407 [Thread-3] INFO  o.s.w.context.support.GenericWebApplicationContext - Closing org.springframework.web.context.support.GenericWebApplicationContext@15a34df2: startup date [Thu Sep 07 11:18:36 CST 2017]; root of context hierarchy
2017-09-07 11:18:47.416 [Thread-3] INFO  o.s.orm.jpa.LocalContainerEntityManagerFactoryBean - Closing JPA EntityManagerFactory for persistence unit 'default'
2017-09-07 11:18:49.529 [main] INFO  o.s.b.t.context.SpringBootTestContextBootstrapper - Neither @ContextConfiguration nor @ContextHierarchy found for test class [com.imooc.sell.dao.ProductInfoDaoTest], using SpringBootContextLoader
2017-09-07 11:18:49.544 [main] INFO  o.s.test.context.support.AbstractContextLoader - Could not detect default resource locations for test class [com.imooc.sell.dao.ProductInfoDaoTest]: no resource found for suffixes {-context.xml, Context.groovy}.
2017-09-07 11:18:49.545 [main] INFO  o.s.t.c.support.AnnotationConfigContextLoaderUtils - Could not detect default configuration classes for test class [com.imooc.sell.dao.ProductInfoDaoTest]: ProductInfoDaoTest does not declare any static, non-private, non-final, nested classes annotated with @Configuration.
2017-09-07 11:18:49.677 [main] INFO  o.s.b.t.context.SpringBootTestContextBootstrapper - Found @SpringBootConfiguration com.imooc.sell.SellApplication for test class com.imooc.sell.dao.ProductInfoDaoTest
2017-09-07 11:18:49.689 [main] INFO  o.s.b.t.context.SpringBootTestContextBootstrapper - Loaded default TestExecutionListener class names from location [META-INF/spring.factories]: [org.springframework.boot.test.mock.mockito.MockitoTestExecutionListener, org.springframework.boot.test.mock.mockito.ResetMocksTestExecutionListener, org.springframework.boot.test.autoconfigure.restdocs.RestDocsTestExecutionListener, org.springframework.boot.test.autoconfigure.web.client.MockRestServiceServerResetTestExecutionListener, org.springframework.boot.test.autoconfigure.web.servlet.MockMvcPrintOnlyOnFailureTestExecutionListener, org.springframework.boot.test.autoconfigure.web.servlet.WebDriverTestExecutionListener, org.springframework.test.context.web.ServletTestExecutionListener, org.springframework.test.context.support.DirtiesContextBeforeModesTestExecutionListener, org.springframework.test.context.support.DependencyInjectionTestExecutionListener, org.springframework.test.context.support.DirtiesContextTestExecutionListener, org.springframework.test.context.transaction.TransactionalTestExecutionListener, org.springframework.test.context.jdbc.SqlScriptsTestExecutionListener]
2017-09-07 11:18:49.712 [main] INFO  o.s.b.t.context.SpringBootTestContextBootstrapper - Using TestExecutionListeners: [org.springframework.test.context.web.ServletTestExecutionListener@1f0f1111, org.springframework.test.context.support.DirtiesContextBeforeModesTestExecutionListener@49c386c8, org.springframework.boot.test.autoconfigure.SpringBootDependencyInjectionTestExecutionListener@56528192, org.springframework.test.context.support.DirtiesContextTestExecutionListener@6e0dec4a, org.springframework.test.context.transaction.TransactionalTestExecutionListener@96def03, org.springframework.test.context.jdbc.SqlScriptsTestExecutionListener@5ccddd20, org.springframework.boot.test.autoconfigure.web.servlet.WebDriverTestExecutionListener@1ed1993a, org.springframework.boot.test.autoconfigure.restdocs.RestDocsTestExecutionListener@1f3f4916, org.springframework.boot.test.mock.mockito.ResetMocksTestExecutionListener@794cb805, org.springframework.boot.test.autoconfigure.web.client.MockRestServiceServerResetTestExecutionListener@4b5a5ed1, org.springframework.boot.test.mock.mockito.MockitoTestExecutionListener@59d016c9, org.springframework.boot.test.autoconfigure.web.servlet.MockMvcPrintOnlyOnFailureTestExecutionListener@3cc2931c]
2017-09-07 11:18:50.247 [main] INFO  com.imooc.sell.dao.ProductInfoDaoTest - Starting ProductInfoDaoTest on Nue with PID 10060 (started by Administrator in E:\learn\sell)
2017-09-07 11:18:50.247 [main] INFO  com.imooc.sell.dao.ProductInfoDaoTest - The following profiles are active: dev
2017-09-07 11:18:50.303 [main] INFO  o.s.w.context.support.GenericWebApplicationContext - Refreshing org.springframework.web.context.support.GenericWebApplicationContext@15a34df2: startup date [Thu Sep 07 11:18:50 CST 2017]; root of context hierarchy
2017-09-07 11:18:50.723 [background-preinit] INFO  org.hibernate.validator.internal.util.Version - HV000001: Hibernate Validator 5.3.5.Final
2017-09-07 11:18:52.087 [main] INFO  o.s.b.f.a.AutowiredAnnotationBeanPostProcessor - JSR-330 'javax.inject.Inject' annotation found and supported for autowiring
2017-09-07 11:18:56.097 [main] INFO  o.s.orm.jpa.LocalContainerEntityManagerFactoryBean - Building JPA container EntityManagerFactory for persistence unit 'default'
2017-09-07 11:18:56.119 [main] INFO  org.hibernate.jpa.internal.util.LogHelper - HHH000204: Processing PersistenceUnitInfo [
	name: default
	...]
2017-09-07 11:18:56.187 [main] INFO  org.hibernate.Version - HHH000412: Hibernate Core {5.0.12.Final}
2017-09-07 11:18:56.190 [main] INFO  org.hibernate.cfg.Environment - HHH000206: hibernate.properties not found
2017-09-07 11:18:56.193 [main] INFO  org.hibernate.cfg.Environment - HHH000021: Bytecode provider name : javassist
2017-09-07 11:18:56.233 [main] INFO  org.hibernate.annotations.common.Version - HCANN000001: Hibernate Commons Annotations {5.0.1.Final}
2017-09-07 11:18:56.366 [main] INFO  org.hibernate.dialect.Dialect - HHH000400: Using dialect: org.hibernate.dialect.MySQL5Dialect
2017-09-07 11:18:57.194 [main] INFO  o.s.orm.jpa.LocalContainerEntityManagerFactoryBean - Initialized JPA EntityManagerFactory for persistence unit 'default'
2017-09-07 11:18:57.578 [main] INFO  o.h.hql.internal.QueryTranslatorFactoryInitiator - HHH000397: Using ASTQueryTranslatorFactory
2017-09-07 11:18:58.982 [main] INFO  o.s.w.s.m.m.a.RequestMappingHandlerAdapter - Looking for @ControllerAdvice: org.springframework.web.context.support.GenericWebApplicationContext@15a34df2: startup date [Thu Sep 07 11:18:50 CST 2017]; root of context hierarchy
2017-09-07 11:18:59.106 [main] INFO  o.s.w.s.m.m.a.RequestMappingHandlerMapping - Mapped "{[/buyer/order/create],methods=[POST]}" onto public com.imooc.sell.vo.ResultVO<?> com.imooc.sell.web.controller.BuyerOrderController.create(com.imooc.sell.web.form.OrderForm,org.springframework.validation.BindingResult)
2017-09-07 11:18:59.108 [main] INFO  o.s.w.s.m.m.a.RequestMappingHandlerMapping - Mapped "{[/buyer/order/list],methods=[GET]}" onto public com.imooc.sell.vo.ResultVO<?> com.imooc.sell.web.controller.BuyerOrderController.list(java.lang.String,java.lang.Integer,java.lang.Integer)
2017-09-07 11:18:59.108 [main] INFO  o.s.w.s.m.m.a.RequestMappingHandlerMapping - Mapped "{[/buyer/order/detail],methods=[GET]}" onto public com.imooc.sell.vo.ResultVO<?> com.imooc.sell.web.controller.BuyerOrderController.findOrderDetail(java.lang.String,java.lang.String)
2017-09-07 11:18:59.109 [main] INFO  o.s.w.s.m.m.a.RequestMappingHandlerMapping - Mapped "{[/buyer/order/cancelOrder],methods=[POST]}" onto public com.imooc.sell.vo.ResultVO<?> com.imooc.sell.web.controller.BuyerOrderController.cancelOrder(java.lang.String,java.lang.String)
2017-09-07 11:18:59.110 [main] INFO  o.s.w.s.m.m.a.RequestMappingHandlerMapping - Mapped "{[/buyer/product/list],methods=[GET]}" onto public com.imooc.sell.vo.ResultVO<?> com.imooc.sell.web.controller.BuyerProductController.list()
2017-09-07 11:18:59.112 [main] INFO  o.s.w.s.m.m.a.RequestMappingHandlerMapping - Mapped "{[/notify],methods=[POST]}" onto public org.springframework.web.servlet.ModelAndView com.imooc.sell.web.controller.PayController.notify(java.lang.String) throws java.lang.Exception
2017-09-07 11:18:59.112 [main] INFO  o.s.w.s.m.m.a.RequestMappingHandlerMapping - Mapped "{[/pay],methods=[GET]}" onto public org.springframework.web.servlet.ModelAndView com.imooc.sell.web.controller.PayController.pay(java.lang.String,java.util.Map<java.lang.String, java.lang.Object>)
2017-09-07 11:18:59.113 [main] INFO  o.s.w.s.m.m.a.RequestMappingHandlerMapping - Mapped "{[/wechat/userInfo],methods=[GET]}" onto public java.lang.String com.imooc.sell.web.controller.WechatController.userInfo(java.lang.String,java.lang.String)
2017-09-07 11:18:59.114 [main] INFO  o.s.w.s.m.m.a.RequestMappingHandlerMapping - Mapped "{[/wechat/authorize],methods=[GET]}" onto public java.lang.String com.imooc.sell.web.controller.WechatController.authorize(java.lang.String)
2017-09-07 11:18:59.115 [main] INFO  o.s.w.s.m.m.a.RequestMappingHandlerMapping - Mapped "{[/weixin/auth],methods=[GET]}" onto public void com.imooc.sell.web.controller.WeixinController.auth(java.lang.String)
2017-09-07 11:18:59.117 [main] INFO  o.s.w.s.m.m.a.RequestMappingHandlerMapping - Mapped "{[/error]}" onto public org.springframework.http.ResponseEntity<java.util.Map<java.lang.String, java.lang.Object>> org.springframework.boot.autoconfigure.web.BasicErrorController.error(javax.servlet.http.HttpServletRequest)
2017-09-07 11:18:59.118 [main] INFO  o.s.w.s.m.m.a.RequestMappingHandlerMapping - Mapped "{[/error],produces=[text/html]}" onto public org.springframework.web.servlet.ModelAndView org.springframework.boot.autoconfigure.web.BasicErrorController.errorHtml(javax.servlet.http.HttpServletRequest,javax.servlet.http.HttpServletResponse)
2017-09-07 11:18:59.164 [main] INFO  o.s.web.servlet.handler.SimpleUrlHandlerMapping - Mapped URL path [/webjars/**] onto handler of type [class org.springframework.web.servlet.resource.ResourceHttpRequestHandler]
2017-09-07 11:18:59.164 [main] INFO  o.s.web.servlet.handler.SimpleUrlHandlerMapping - Mapped URL path [/**] onto handler of type [class org.springframework.web.servlet.resource.ResourceHttpRequestHandler]
2017-09-07 11:18:59.218 [main] INFO  o.s.web.servlet.handler.SimpleUrlHandlerMapping - Mapped URL path [/**/favicon.ico] onto handler of type [class org.springframework.web.servlet.resource.ResourceHttpRequestHandler]
2017-09-07 11:18:59.532 [main] INFO  o.s.w.servlet.view.freemarker.FreeMarkerConfigurer - ClassTemplateLoader for Spring macros added to FreeMarker configuration
2017-09-07 11:18:59.740 [main] INFO  com.imooc.sell.dao.ProductInfoDaoTest - Started ProductInfoDaoTest in 9.93 seconds (JVM running for 10.825)
2017-09-07 11:19:00.177 [Thread-3] INFO  o.s.w.context.support.GenericWebApplicationContext - Closing org.springframework.web.context.support.GenericWebApplicationContext@15a34df2: startup date [Thu Sep 07 11:18:50 CST 2017]; root of context hierarchy
2017-09-07 11:19:00.186 [Thread-3] INFO  o.s.orm.jpa.LocalContainerEntityManagerFactoryBean - Closing JPA EntityManagerFactory for persistence unit 'default'
2017-09-07 11:19:09.872 [main] INFO  o.s.b.t.context.SpringBootTestContextBootstrapper - Neither @ContextConfiguration nor @ContextHierarchy found for test class [com.imooc.sell.dao.SellerInfoDaoTest], using SpringBootContextLoader
2017-09-07 11:19:09.886 [main] INFO  o.s.test.context.support.AbstractContextLoader - Could not detect default resource locations for test class [com.imooc.sell.dao.SellerInfoDaoTest]: no resource found for suffixes {-context.xml, Context.groovy}.
2017-09-07 11:19:09.887 [main] INFO  o.s.t.c.support.AnnotationConfigContextLoaderUtils - Could not detect default configuration classes for test class [com.imooc.sell.dao.SellerInfoDaoTest]: SellerInfoDaoTest does not declare any static, non-private, non-final, nested classes annotated with @Configuration.
2017-09-07 11:19:10.021 [main] INFO  o.s.b.t.context.SpringBootTestContextBootstrapper - Found @SpringBootConfiguration com.imooc.sell.SellApplication for test class com.imooc.sell.dao.SellerInfoDaoTest
2017-09-07 11:19:10.035 [main] INFO  o.s.b.t.context.SpringBootTestContextBootstrapper - Loaded default TestExecutionListener class names from location [META-INF/spring.factories]: [org.springframework.boot.test.mock.mockito.MockitoTestExecutionListener, org.springframework.boot.test.mock.mockito.ResetMocksTestExecutionListener, org.springframework.boot.test.autoconfigure.restdocs.RestDocsTestExecutionListener, org.springframework.boot.test.autoconfigure.web.client.MockRestServiceServerResetTestExecutionListener, org.springframework.boot.test.autoconfigure.web.servlet.MockMvcPrintOnlyOnFailureTestExecutionListener, org.springframework.boot.test.autoconfigure.web.servlet.WebDriverTestExecutionListener, org.springframework.test.context.web.ServletTestExecutionListener, org.springframework.test.context.support.DirtiesContextBeforeModesTestExecutionListener, org.springframework.test.context.support.DependencyInjectionTestExecutionListener, org.springframework.test.context.support.DirtiesContextTestExecutionListener, org.springframework.test.context.transaction.TransactionalTestExecutionListener, org.springframework.test.context.jdbc.SqlScriptsTestExecutionListener]
2017-09-07 11:19:10.060 [main] INFO  o.s.b.t.context.SpringBootTestContextBootstrapper - Using TestExecutionListeners: [org.springframework.test.context.web.ServletTestExecutionListener@1f0f1111, org.springframework.test.context.support.DirtiesContextBeforeModesTestExecutionListener@49c386c8, org.springframework.boot.test.autoconfigure.SpringBootDependencyInjectionTestExecutionListener@56528192, org.springframework.test.context.support.DirtiesContextTestExecutionListener@6e0dec4a, org.springframework.test.context.transaction.TransactionalTestExecutionListener@96def03, org.springframework.test.context.jdbc.SqlScriptsTestExecutionListener@5ccddd20, org.springframework.boot.test.autoconfigure.web.servlet.WebDriverTestExecutionListener@1ed1993a, org.springframework.boot.test.autoconfigure.restdocs.RestDocsTestExecutionListener@1f3f4916, org.springframework.boot.test.mock.mockito.ResetMocksTestExecutionListener@794cb805, org.springframework.boot.test.autoconfigure.web.client.MockRestServiceServerResetTestExecutionListener@4b5a5ed1, org.springframework.boot.test.mock.mockito.MockitoTestExecutionListener@59d016c9, org.springframework.boot.test.autoconfigure.web.servlet.MockMvcPrintOnlyOnFailureTestExecutionListener@3cc2931c]
2017-09-07 11:19:10.570 [main] INFO  com.imooc.sell.dao.SellerInfoDaoTest - Starting SellerInfoDaoTest on Nue with PID 8604 (started by Administrator in E:\learn\sell)
2017-09-07 11:19:10.571 [main] INFO  com.imooc.sell.dao.SellerInfoDaoTest - The following profiles are active: dev
2017-09-07 11:19:10.635 [main] INFO  o.s.w.context.support.GenericWebApplicationContext - Refreshing org.springframework.web.context.support.GenericWebApplicationContext@15a34df2: startup date [Thu Sep 07 11:19:10 CST 2017]; root of context hierarchy
2017-09-07 11:19:11.096 [background-preinit] INFO  org.hibernate.validator.internal.util.Version - HV000001: Hibernate Validator 5.3.5.Final
2017-09-07 11:19:12.233 [main] INFO  o.s.b.f.a.AutowiredAnnotationBeanPostProcessor - JSR-330 'javax.inject.Inject' annotation found and supported for autowiring
2017-09-07 11:19:16.776 [main] INFO  o.s.orm.jpa.LocalContainerEntityManagerFactoryBean - Building JPA container EntityManagerFactory for persistence unit 'default'
2017-09-07 11:19:16.792 [main] INFO  org.hibernate.jpa.internal.util.LogHelper - HHH000204: Processing PersistenceUnitInfo [
	name: default
	...]
2017-09-07 11:19:16.859 [main] INFO  org.hibernate.Version - HHH000412: Hibernate Core {5.0.12.Final}
2017-09-07 11:19:16.861 [main] INFO  org.hibernate.cfg.Environment - HHH000206: hibernate.properties not found
2017-09-07 11:19:16.862 [main] INFO  org.hibernate.cfg.Environment - HHH000021: Bytecode provider name : javassist
2017-09-07 11:19:16.905 [main] INFO  org.hibernate.annotations.common.Version - HCANN000001: Hibernate Commons Annotations {5.0.1.Final}
2017-09-07 11:19:17.029 [main] INFO  org.hibernate.dialect.Dialect - HHH000400: Using dialect: org.hibernate.dialect.MySQL5Dialect
2017-09-07 11:19:17.851 [main] INFO  o.s.orm.jpa.LocalContainerEntityManagerFactoryBean - Initialized JPA EntityManagerFactory for persistence unit 'default'
2017-09-07 11:19:18.238 [main] INFO  o.h.hql.internal.QueryTranslatorFactoryInitiator - HHH000397: Using ASTQueryTranslatorFactory
2017-09-07 11:19:19.897 [main] INFO  o.s.w.s.m.m.a.RequestMappingHandlerAdapter - Looking for @ControllerAdvice: org.springframework.web.context.support.GenericWebApplicationContext@15a34df2: startup date [Thu Sep 07 11:19:10 CST 2017]; root of context hierarchy
2017-09-07 11:19:20.006 [main] INFO  o.s.w.s.m.m.a.RequestMappingHandlerMapping - Mapped "{[/buyer/order/create],methods=[POST]}" onto public com.imooc.sell.vo.ResultVO<?> com.imooc.sell.web.controller.BuyerOrderController.create(com.imooc.sell.web.form.OrderForm,org.springframework.validation.BindingResult)
2017-09-07 11:19:20.008 [main] INFO  o.s.w.s.m.m.a.RequestMappingHandlerMapping - Mapped "{[/buyer/order/list],methods=[GET]}" onto public com.imooc.sell.vo.ResultVO<?> com.imooc.sell.web.controller.BuyerOrderController.list(java.lang.String,java.lang.Integer,java.lang.Integer)
2017-09-07 11:19:20.009 [main] INFO  o.s.w.s.m.m.a.RequestMappingHandlerMapping - Mapped "{[/buyer/order/detail],methods=[GET]}" onto public com.imooc.sell.vo.ResultVO<?> com.imooc.sell.web.controller.BuyerOrderController.findOrderDetail(java.lang.String,java.lang.String)
2017-09-07 11:19:20.009 [main] INFO  o.s.w.s.m.m.a.RequestMappingHandlerMapping - Mapped "{[/buyer/order/cancelOrder],methods=[POST]}" onto public com.imooc.sell.vo.ResultVO<?> com.imooc.sell.web.controller.BuyerOrderController.cancelOrder(java.lang.String,java.lang.String)
2017-09-07 11:19:20.010 [main] INFO  o.s.w.s.m.m.a.RequestMappingHandlerMapping - Mapped "{[/buyer/product/list],methods=[GET]}" onto public com.imooc.sell.vo.ResultVO<?> com.imooc.sell.web.controller.BuyerProductController.list()
2017-09-07 11:19:20.011 [main] INFO  o.s.w.s.m.m.a.RequestMappingHandlerMapping - Mapped "{[/notify],methods=[POST]}" onto public org.springframework.web.servlet.ModelAndView com.imooc.sell.web.controller.PayController.notify(java.lang.String) throws java.lang.Exception
2017-09-07 11:19:20.012 [main] INFO  o.s.w.s.m.m.a.RequestMappingHandlerMapping - Mapped "{[/pay],methods=[GET]}" onto public org.springframework.web.servlet.ModelAndView com.imooc.sell.web.controller.PayController.pay(java.lang.String,java.util.Map<java.lang.String, java.lang.Object>)
2017-09-07 11:19:20.013 [main] INFO  o.s.w.s.m.m.a.RequestMappingHandlerMapping - Mapped "{[/wechat/userInfo],methods=[GET]}" onto public java.lang.String com.imooc.sell.web.controller.WechatController.userInfo(java.lang.String,java.lang.String)
2017-09-07 11:19:20.013 [main] INFO  o.s.w.s.m.m.a.RequestMappingHandlerMapping - Mapped "{[/wechat/authorize],methods=[GET]}" onto public java.lang.String com.imooc.sell.web.controller.WechatController.authorize(java.lang.String)
2017-09-07 11:19:20.014 [main] INFO  o.s.w.s.m.m.a.RequestMappingHandlerMapping - Mapped "{[/weixin/auth],methods=[GET]}" onto public void com.imooc.sell.web.controller.WeixinController.auth(java.lang.String)
2017-09-07 11:19:20.016 [main] INFO  o.s.w.s.m.m.a.RequestMappingHandlerMapping - Mapped "{[/error]}" onto public org.springframework.http.ResponseEntity<java.util.Map<java.lang.String, java.lang.Object>> org.springframework.boot.autoconfigure.web.BasicErrorController.error(javax.servlet.http.HttpServletRequest)
2017-09-07 11:19:20.017 [main] INFO  o.s.w.s.m.m.a.RequestMappingHandlerMapping - Mapped "{[/error],produces=[text/html]}" onto public org.springframework.web.servlet.ModelAndView org.springframework.boot.autoconfigure.web.BasicErrorController.errorHtml(javax.servlet.http.HttpServletRequest,javax.servlet.http.HttpServletResponse)
2017-09-07 11:19:20.059 [main] INFO  o.s.web.servlet.handler.SimpleUrlHandlerMapping - Mapped URL path [/webjars/**] onto handler of type [class org.springframework.web.servlet.resource.ResourceHttpRequestHandler]
2017-09-07 11:19:20.060 [main] INFO  o.s.web.servlet.handler.SimpleUrlHandlerMapping - Mapped URL path [/**] onto handler of type [class org.springframework.web.servlet.resource.ResourceHttpRequestHandler]
2017-09-07 11:19:20.119 [main] INFO  o.s.web.servlet.handler.SimpleUrlHandlerMapping - Mapped URL path [/**/favicon.ico] onto handler of type [class org.springframework.web.servlet.resource.ResourceHttpRequestHandler]
2017-09-07 11:19:20.493 [main] INFO  o.s.w.servlet.view.freemarker.FreeMarkerConfigurer - ClassTemplateLoader for Spring macros added to FreeMarker configuration
2017-09-07 11:19:20.730 [main] INFO  com.imooc.sell.dao.SellerInfoDaoTest - Started SellerInfoDaoTest in 10.573 seconds (JVM running for 11.501)
2017-09-07 11:19:21.215 [Thread-3] INFO  o.s.w.context.support.GenericWebApplicationContext - Closing org.springframework.web.context.support.GenericWebApplicationContext@15a34df2: startup date [Thu Sep 07 11:19:10 CST 2017]; root of context hierarchy
2017-09-07 11:19:21.236 [Thread-3] INFO  o.s.orm.jpa.LocalContainerEntityManagerFactoryBean - Closing JPA EntityManagerFactory for persistence unit 'default'
