2017-09-08 09:34:46.372 [main] INFO  o.s.b.t.context.SpringBootTestContextBootstrapper - Neither @ContextConfiguration nor @ContextHierarchy found for test class [com.imooc.sell.service.PayServiceImplTest], using SpringBootContextLoader
2017-09-08 09:34:46.380 [main] INFO  o.s.test.context.support.AbstractContextLoader - Could not detect default resource locations for test class [com.imooc.sell.service.PayServiceImplTest]: no resource found for suffixes {-context.xml, Context.groovy}.
2017-09-08 09:34:46.382 [main] INFO  o.s.t.c.support.AnnotationConfigContextLoaderUtils - Could not detect default configuration classes for test class [com.imooc.sell.service.PayServiceImplTest]: PayServiceImplTest does not declare any static, non-private, non-final, nested classes annotated with @Configuration.
2017-09-08 09:34:46.578 [main] INFO  o.s.b.t.context.SpringBootTestContextBootstrapper - Found @SpringBootConfiguration com.imooc.sell.SellApplication for test class com.imooc.sell.service.PayServiceImplTest
2017-09-08 09:34:46.590 [main] INFO  o.s.b.t.context.SpringBootTestContextBootstrapper - Loaded default TestExecutionListener class names from location [META-INF/spring.factories]: [org.springframework.boot.test.mock.mockito.MockitoTestExecutionListener, org.springframework.boot.test.mock.mockito.ResetMocksTestExecutionListener, org.springframework.boot.test.autoconfigure.restdocs.RestDocsTestExecutionListener, org.springframework.boot.test.autoconfigure.web.client.MockRestServiceServerResetTestExecutionListener, org.springframework.boot.test.autoconfigure.web.servlet.MockMvcPrintOnlyOnFailureTestExecutionListener, org.springframework.boot.test.autoconfigure.web.servlet.WebDriverTestExecutionListener, org.springframework.test.context.web.ServletTestExecutionListener, org.springframework.test.context.support.DirtiesContextBeforeModesTestExecutionListener, org.springframework.test.context.support.DependencyInjectionTestExecutionListener, org.springframework.test.context.support.DirtiesContextTestExecutionListener, org.springframework.test.context.transaction.TransactionalTestExecutionListener, org.springframework.test.context.jdbc.SqlScriptsTestExecutionListener]
2017-09-08 09:34:46.625 [main] INFO  o.s.b.t.context.SpringBootTestContextBootstrapper - Using TestExecutionListeners: [org.springframework.test.context.web.ServletTestExecutionListener@48fa0f47, org.springframework.test.context.support.DirtiesContextBeforeModesTestExecutionListener@6ac13091, org.springframework.boot.test.autoconfigure.SpringBootDependencyInjectionTestExecutionListener@5e316c74, org.springframework.test.context.support.DirtiesContextTestExecutionListener@6d2a209c, org.springframework.test.context.transaction.TransactionalTestExecutionListener@75329a49, org.springframework.test.context.jdbc.SqlScriptsTestExecutionListener@161479c6, org.springframework.boot.test.autoconfigure.web.servlet.WebDriverTestExecutionListener@4313f5bc, org.springframework.boot.test.mock.mockito.ResetMocksTestExecutionListener@7f010382, org.springframework.boot.test.mock.mockito.MockitoTestExecutionListener@1e802ef9, org.springframework.boot.test.autoconfigure.restdocs.RestDocsTestExecutionListener@2b6faea6, org.springframework.boot.test.autoconfigure.web.client.MockRestServiceServerResetTestExecutionListener@778d1062, org.springframework.boot.test.autoconfigure.web.servlet.MockMvcPrintOnlyOnFailureTestExecutionListener@670002]
2017-09-08 09:34:47.413 [main] INFO  com.imooc.sell.service.PayServiceImplTest - Starting PayServiceImplTest on Nue with PID 1868 (started by Administrator in E:\learn\sell)
2017-09-08 09:34:47.414 [main] INFO  com.imooc.sell.service.PayServiceImplTest - The following profiles are active: dev
2017-09-08 09:34:47.505 [main] INFO  o.s.w.context.support.GenericWebApplicationContext - Refreshing org.springframework.web.context.support.GenericWebApplicationContext@6f204a1a: startup date [Fri Sep 08 09:34:47 CST 2017]; root of context hierarchy
2017-09-08 09:34:48.413 [background-preinit] INFO  org.hibernate.validator.internal.util.Version - HV000001: Hibernate Validator 5.3.5.Final
2017-09-08 09:34:49.785 [main] INFO  o.s.b.f.a.AutowiredAnnotationBeanPostProcessor - JSR-330 'javax.inject.Inject' annotation found and supported for autowiring
2017-09-08 09:34:54.612 [main] INFO  o.s.orm.jpa.LocalContainerEntityManagerFactoryBean - Building JPA container EntityManagerFactory for persistence unit 'default'
2017-09-08 09:34:54.649 [main] INFO  org.hibernate.jpa.internal.util.LogHelper - HHH000204: Processing PersistenceUnitInfo [
	name: default
	...]
2017-09-08 09:34:54.791 [main] INFO  org.hibernate.Version - HHH000412: Hibernate Core {5.0.12.Final}
2017-09-08 09:34:54.794 [main] INFO  org.hibernate.cfg.Environment - HHH000206: hibernate.properties not found
2017-09-08 09:34:54.796 [main] INFO  org.hibernate.cfg.Environment - HHH000021: Bytecode provider name : javassist
2017-09-08 09:34:54.889 [main] INFO  org.hibernate.annotations.common.Version - HCANN000001: Hibernate Commons Annotations {5.0.1.Final}
2017-09-08 09:34:55.130 [main] INFO  org.hibernate.dialect.Dialect - HHH000400: Using dialect: org.hibernate.dialect.MySQL5Dialect
2017-09-08 09:34:56.128 [main] INFO  o.s.orm.jpa.LocalContainerEntityManagerFactoryBean - Initialized JPA EntityManagerFactory for persistence unit 'default'
2017-09-08 09:34:56.705 [main] INFO  o.h.hql.internal.QueryTranslatorFactoryInitiator - HHH000397: Using ASTQueryTranslatorFactory
2017-09-08 09:34:58.957 [main] INFO  o.s.w.s.m.m.a.RequestMappingHandlerAdapter - Looking for @ControllerAdvice: org.springframework.web.context.support.GenericWebApplicationContext@6f204a1a: startup date [Fri Sep 08 09:34:47 CST 2017]; root of context hierarchy
2017-09-08 09:34:59.075 [main] INFO  o.s.w.s.m.m.a.RequestMappingHandlerMapping - Mapped "{[/buyer/order/create],methods=[POST]}" onto public com.imooc.sell.vo.ResultVO<?> com.imooc.sell.web.controller.BuyerOrderController.create(com.imooc.sell.web.form.OrderForm,org.springframework.validation.BindingResult)
2017-09-08 09:34:59.076 [main] INFO  o.s.w.s.m.m.a.RequestMappingHandlerMapping - Mapped "{[/buyer/order/list],methods=[GET]}" onto public com.imooc.sell.vo.ResultVO<?> com.imooc.sell.web.controller.BuyerOrderController.list(java.lang.String,java.lang.Integer,java.lang.Integer)
2017-09-08 09:34:59.077 [main] INFO  o.s.w.s.m.m.a.RequestMappingHandlerMapping - Mapped "{[/buyer/order/detail],methods=[GET]}" onto public com.imooc.sell.vo.ResultVO<?> com.imooc.sell.web.controller.BuyerOrderController.findOrderDetail(java.lang.String,java.lang.String)
2017-09-08 09:34:59.077 [main] INFO  o.s.w.s.m.m.a.RequestMappingHandlerMapping - Mapped "{[/buyer/order/cancelOrder],methods=[POST]}" onto public com.imooc.sell.vo.ResultVO<?> com.imooc.sell.web.controller.BuyerOrderController.cancelOrder(java.lang.String,java.lang.String)
2017-09-08 09:34:59.078 [main] INFO  o.s.w.s.m.m.a.RequestMappingHandlerMapping - Mapped "{[/buyer/product/list],methods=[GET]}" onto public com.imooc.sell.vo.ResultVO<?> com.imooc.sell.web.controller.BuyerProductController.list()
2017-09-08 09:34:59.081 [main] INFO  o.s.w.s.m.m.a.RequestMappingHandlerMapping - Mapped "{[/pay/notify],methods=[POST]}" onto public org.springframework.web.servlet.ModelAndView com.imooc.sell.web.controller.PayController.notify(java.lang.String) throws java.lang.Exception
2017-09-08 09:34:59.081 [main] INFO  o.s.w.s.m.m.a.RequestMappingHandlerMapping - Mapped "{[/pay/create],methods=[GET]}" onto public void com.imooc.sell.web.controller.PayController.create(java.lang.String,java.lang.String)
2017-09-08 09:34:59.082 [main] INFO  o.s.w.s.m.m.a.RequestMappingHandlerMapping - Mapped "{[/pay/pay],methods=[GET]}" onto public org.springframework.web.servlet.ModelAndView com.imooc.sell.web.controller.PayController.pay(java.lang.String,java.util.Map<java.lang.String, java.lang.Object>)
2017-09-08 09:34:59.083 [main] INFO  o.s.w.s.m.m.a.RequestMappingHandlerMapping - Mapped "{[/wechat/userInfo],methods=[GET]}" onto public java.lang.String com.imooc.sell.web.controller.WechatController.userInfo(java.lang.String,java.lang.String)
2017-09-08 09:34:59.084 [main] INFO  o.s.w.s.m.m.a.RequestMappingHandlerMapping - Mapped "{[/wechat/authorize],methods=[GET]}" onto public java.lang.String com.imooc.sell.web.controller.WechatController.authorize(java.lang.String)
2017-09-08 09:34:59.085 [main] INFO  o.s.w.s.m.m.a.RequestMappingHandlerMapping - Mapped "{[/weixin/auth],methods=[GET]}" onto public void com.imooc.sell.web.controller.WeixinController.auth(java.lang.String)
2017-09-08 09:34:59.087 [main] INFO  o.s.w.s.m.m.a.RequestMappingHandlerMapping - Mapped "{[/error]}" onto public org.springframework.http.ResponseEntity<java.util.Map<java.lang.String, java.lang.Object>> org.springframework.boot.autoconfigure.web.BasicErrorController.error(javax.servlet.http.HttpServletRequest)
2017-09-08 09:34:59.088 [main] INFO  o.s.w.s.m.m.a.RequestMappingHandlerMapping - Mapped "{[/error],produces=[text/html]}" onto public org.springframework.web.servlet.ModelAndView org.springframework.boot.autoconfigure.web.BasicErrorController.errorHtml(javax.servlet.http.HttpServletRequest,javax.servlet.http.HttpServletResponse)
2017-09-08 09:34:59.154 [main] INFO  o.s.web.servlet.handler.SimpleUrlHandlerMapping - Mapped URL path [/webjars/**] onto handler of type [class org.springframework.web.servlet.resource.ResourceHttpRequestHandler]
2017-09-08 09:34:59.155 [main] INFO  o.s.web.servlet.handler.SimpleUrlHandlerMapping - Mapped URL path [/**] onto handler of type [class org.springframework.web.servlet.resource.ResourceHttpRequestHandler]
2017-09-08 09:34:59.218 [main] INFO  o.s.web.servlet.handler.SimpleUrlHandlerMapping - Mapped URL path [/**/favicon.ico] onto handler of type [class org.springframework.web.servlet.resource.ResourceHttpRequestHandler]
2017-09-08 09:34:59.628 [main] INFO  o.s.w.servlet.view.freemarker.FreeMarkerConfigurer - ClassTemplateLoader for Spring macros added to FreeMarker configuration
2017-09-08 09:34:59.888 [main] INFO  com.imooc.sell.service.PayServiceImplTest - Started PayServiceImplTest in 13.069 seconds (JVM running for 14.396)
2017-09-08 09:35:00.537 [main] INFO  com.imooc.sell.service.impl.PayServiceImpl - [微信支付] 请求入参:{
  "payTypeEnum": "WXPAY_H5",
  "orderId": "123456789Ax9752",
  "orderAmount": 179.04,
  "orderName": "微信商品订单",
  "openid": "oTgZpwfEBevx0K010OoB4tzXue6o"
}
2017-09-08 09:35:02.259 [main] INFO  com.imooc.sell.service.impl.PayServiceImpl - [微信支付] 结果出参:{
  "appId": "wxd898fcb01713c658",
  "timeStamp": "1504834502",
  "nonceStr": "HYLGKGggb4qKGdqM",
  "packAge": "prepay_id\u003dwx20170908093457f2413694b10251439890",
  "signType": "MD5",
  "paySign": "92B77E731CDE93B3A8205B03121904CE"
}
2017-09-08 09:35:02.268 [Thread-3] INFO  o.s.w.context.support.GenericWebApplicationContext - Closing org.springframework.web.context.support.GenericWebApplicationContext@6f204a1a: startup date [Fri Sep 08 09:34:47 CST 2017]; root of context hierarchy
2017-09-08 09:35:02.288 [Thread-3] INFO  o.s.orm.jpa.LocalContainerEntityManagerFactoryBean - Closing JPA EntityManagerFactory for persistence unit 'default'
